<?xml version="1.0" encoding="UTF-8"?>
<testng-results skipped="0" failed="0" total="1" passed="1">
  <reporter-output>
  </reporter-output>
  <suite name="Default suite" duration-ms="108446" started-at="2014-02-07T11:47:39Z" finished-at="2014-02-07T11:49:27Z">
    <groups>
    </groups>
    <test name="Default test" duration-ms="108446" started-at="2014-02-07T11:47:39Z" finished-at="2014-02-07T11:49:27Z">
      <class name="de.Stest">
        <test-method status="PASS" signature="f()[pri:0, instance:de.Stest@1893efe]" name="f" duration-ms="108419" started-at="2014-02-07T17:17:39Z" finished-at="2014-02-07T17:19:27Z">
          <reporter-output>
          </reporter-output>
        </test-method> <!-- f -->
      </class> <!-- de.Stest -->
    </test> <!-- Default test -->
  </suite> <!-- Default suite -->
</testng-results>
